<?xml version="1.0" encoding="UTF-8"?>
<testsuite xmlns:xsi="http://www.w3.org/2001/XMLSchema-instance" xsi:noNamespaceSchemaLocation="https://maven.apache.org/surefire/maven-surefire-plugin/xsd/surefire-test-report-3.0.xsd" version="3.0" name="com.example.asd.AsdApplicationTests" time="2.047" tests="1" errors="0" skipped="0" failures="0">
  <properties>
[...]
</properties>
  <testcase name="contextLoads" classname="com.example.asd.AsdApplicationTests" time="0.838">
    <system-out><![CDATA[11:07:29.779 [main] INFO org.springframework.test.context.support.AnnotationConfigContextLoaderUtils -- Could not detect default configuration classes for test class [com.example.asd.AsdApplicationTests]: AsdApplicationTests does not declare any static, non-private, non-final, nested classes annotated with @Configuration.
11:07:29.927 [main] INFO org.springframework.boot.test.context.SpringBootTestContextBootstrapper -- Found @SpringBootConfiguration com.example.asd.AsdApplication for test class com.example.asd.AsdApplicationTests

  .   ____          _            __ _ _
 /\\ / ___'_ __ _ _(_)_ __  __ _ \ \ \ \
( ( )\___ | '_ | '_| | '_ \/ _` | \ \ \ \
 \\/  ___)| |_)| | | | | || (_| |  ) ) ) )
  '  |____| .__|_| |_|_| |_\__, | / / / /
 =========|_|==============|___/=/_/_/_/
 :: Spring Boot ::                (v3.2.3)

2024-03-05T11:07:30.325-05:00  INFO 1964 --- [           main] com.example.asd.AsdApplicationTests      : Starting AsdApplicationTests using Java 17.0.8.1 with PID 1964 (started by Jorge in C:\Users\Jorge\IdeaProjects\asd)
2024-03-05T11:07:30.326-05:00  INFO 1964 --- [           main] com.example.asd.AsdApplicationTests      : No active profile set, falling back to 1 default profile: "default"
2024-03-05T11:07:30.783-05:00  INFO 1964 --- [           main] com.example.asd.AsdApplicationTests      : Started AsdApplicationTests in 0.691 seconds (process running for 1.7)
]]></system-out>
  </testcase>
</testsuite>